0 verbose cli /usr/local/bin/node /usr/local/bin/npm
1 info using npm@10.9.3
2 info using node@v22.19.0
3 silly config load:file:/usr/local/lib/node_modules/npm/npmrc
4 silly config load:file:/Users/vincentseitlhamo/Documents/apps/boilerplate/.npmrc
5 silly config load:file:/Users/vincentseitlhamo/.npmrc
6 silly config load:file:/usr/local/etc/npmrc
7 verbose title npm i
8 verbose argv "i"
9 verbose logfile logs-max:10 dir:/Users/vincentseitlhamo/Documents/apps/boilerplate/.npm-cache/_logs/2025-09-23T11_11_11_068Z-
10 verbose logfile /Users/vincentseitlhamo/Documents/apps/boilerplate/.npm-cache/_logs/2025-09-23T11_11_11_068Z-debug-0.log
11 silly logfile done cleaning log files
12 silly packumentCache heap:2197815296 maxSize:549453824 maxEntrySize:274726912
13 silly idealTree buildDeps
14 silly fetch manifest commander@^12.1.0
15 silly packumentCache full:https://registry.npmjs.org/commander cache-miss
16 http fetch GET 200 https://registry.npmjs.org/commander 75ms (cache miss)
17 silly packumentCache full:https://registry.npmjs.org/commander set size:undefined disposed:false
18 silly fetch manifest @types/node@^22.5.4
19 silly packumentCache full:https://registry.npmjs.org/@types%2fnode cache-miss
20 http fetch GET 200 https://registry.npmjs.org/npm 128ms
21 http fetch GET 200 https://registry.npmjs.org/@types%2fnode 160ms (cache miss)
22 silly packumentCache full:https://registry.npmjs.org/@types%2fnode set size:undefined disposed:false
23 silly fetch manifest ts-node-dev@^2.0.0
24 silly packumentCache full:https://registry.npmjs.org/ts-node-dev cache-miss
25 http fetch GET 200 https://registry.npmjs.org/ts-node-dev 33ms (cache miss)
26 silly packumentCache full:https://registry.npmjs.org/ts-node-dev set size:undefined disposed:false
27 silly fetch manifest node-notifier@*
28 silly packumentCache full:https://registry.npmjs.org/node-notifier cache-miss
29 http fetch GET 200 https://registry.npmjs.org/node-notifier 50ms (cache miss)
30 silly packumentCache full:https://registry.npmjs.org/node-notifier set size:undefined disposed:false
31 silly fetch manifest typescript@^5.6.2
32 silly packumentCache full:https://registry.npmjs.org/typescript cache-miss
33 http fetch GET 200 https://registry.npmjs.org/typescript 191ms (cache miss)
34 silly packumentCache full:https://registry.npmjs.org/typescript set size:undefined disposed:false
35 silly placeDep ROOT @types/node@22.18.6 OK for: boilerplate@0.1.0 want: ^22.5.4
36 silly placeDep ROOT commander@12.1.0 OK for: boilerplate@0.1.0 want: ^12.1.0
37 silly placeDep ROOT ts-node-dev@2.0.0 OK for: boilerplate@0.1.0 want: ^2.0.0
38 silly placeDep ROOT typescript@5.9.2 OK for: ts-node-dev@2.0.0 want: *
39 silly fetch manifest undici-types@~6.21.0
40 silly packumentCache full:https://registry.npmjs.org/undici-types cache-miss
41 silly fetch manifest chokidar@^3.5.1
42 silly packumentCache full:https://registry.npmjs.org/chokidar cache-miss
43 silly fetch manifest dynamic-dedupe@^0.3.0
44 silly packumentCache full:https://registry.npmjs.org/dynamic-dedupe cache-miss
45 silly fetch manifest minimist@^1.2.6
46 silly packumentCache full:https://registry.npmjs.org/minimist cache-miss
47 silly fetch manifest mkdirp@^1.0.4
48 silly packumentCache full:https://registry.npmjs.org/mkdirp cache-miss
49 silly fetch manifest resolve@^1.0.0
50 silly packumentCache full:https://registry.npmjs.org/resolve cache-miss
51 silly fetch manifest rimraf@^2.6.1
52 silly packumentCache full:https://registry.npmjs.org/rimraf cache-miss
53 http fetch GET 200 https://registry.npmjs.org/undici-types 32ms (cache miss)
54 silly packumentCache full:https://registry.npmjs.org/undici-types set size:undefined disposed:false
55 silly fetch manifest source-map-support@^0.5.12
56 silly packumentCache full:https://registry.npmjs.org/source-map-support cache-miss
57 http fetch GET 200 https://registry.npmjs.org/chokidar 42ms (cache miss)
58 silly packumentCache full:https://registry.npmjs.org/chokidar set size:undefined disposed:false
59 silly fetch manifest tree-kill@^1.2.2
60 silly packumentCache full:https://registry.npmjs.org/tree-kill cache-miss
61 http fetch GET 200 https://registry.npmjs.org/mkdirp 49ms (cache miss)
62 silly packumentCache full:https://registry.npmjs.org/mkdirp set size:undefined disposed:false
63 silly fetch manifest ts-node@^10.4.0
64 silly packumentCache full:https://registry.npmjs.org/ts-node cache-miss
65 http fetch GET 200 https://registry.npmjs.org/minimist 64ms (cache miss)
66 silly packumentCache full:https://registry.npmjs.org/minimist set size:undefined disposed:false
67 silly fetch manifest tsconfig@^7.0.0
68 silly packumentCache full:https://registry.npmjs.org/tsconfig cache-miss
69 http fetch GET 200 https://registry.npmjs.org/source-map-support 33ms (cache miss)
70 silly packumentCache full:https://registry.npmjs.org/source-map-support set size:undefined disposed:false
71 http fetch GET 200 https://registry.npmjs.org/rimraf 69ms (cache miss)
72 silly packumentCache full:https://registry.npmjs.org/rimraf set size:undefined disposed:false
73 http fetch GET 200 https://registry.npmjs.org/resolve 70ms (cache miss)
74 silly packumentCache full:https://registry.npmjs.org/resolve set size:undefined disposed:false
75 http fetch GET 200 https://registry.npmjs.org/dynamic-dedupe 74ms (cache miss)
76 silly packumentCache full:https://registry.npmjs.org/dynamic-dedupe set size:undefined disposed:false
77 http fetch GET 200 https://registry.npmjs.org/ts-node 29ms (cache miss)
78 silly packumentCache full:https://registry.npmjs.org/ts-node set size:undefined disposed:false
79 http fetch GET 200 https://registry.npmjs.org/tsconfig 31ms (cache miss)
80 silly packumentCache full:https://registry.npmjs.org/tsconfig set size:undefined disposed:false
81 http fetch GET 200 https://registry.npmjs.org/tree-kill 218ms (cache miss)
82 silly packumentCache full:https://registry.npmjs.org/tree-kill set size:undefined disposed:false
83 silly placeDep ROOT undici-types@6.21.0 OK for: @types/node@22.18.6 want: ~6.21.0
84 silly fetch manifest @swc/core@>=1.2.50
85 silly packumentCache full:https://registry.npmjs.org/@swc%2fcore cache-miss
86 http fetch GET 200 https://registry.npmjs.org/@swc%2fcore 296ms (cache miss)
87 silly packumentCache full:https://registry.npmjs.org/@swc%2fcore set size:undefined disposed:false
88 silly fetch manifest @swc/helpers@>=0.5.17
89 silly packumentCache full:https://registry.npmjs.org/@swc%2fhelpers cache-miss
90 http fetch GET 200 https://registry.npmjs.org/@swc%2fhelpers 249ms (cache miss)
91 silly packumentCache full:https://registry.npmjs.org/@swc%2fhelpers set size:undefined disposed:false
92 silly fetch manifest @swc/wasm@>=1.2.50
93 silly packumentCache full:https://registry.npmjs.org/@swc%2fwasm cache-miss
94 http fetch GET 200 https://registry.npmjs.org/@swc%2fwasm 260ms (cache miss)
95 silly packumentCache full:https://registry.npmjs.org/@swc%2fwasm set size:undefined disposed:false
96 silly fetch manifest @types/node@*
97 silly packumentCache full:https://registry.npmjs.org/@types%2fnode cache-miss
98 http cache https://registry.npmjs.org/@types%2fnode 11ms (cache hit)
99 silly packumentCache full:https://registry.npmjs.org/@types%2fnode set size:10576254 disposed:false
100 silly fetch manifest typescript@*
101 silly packumentCache full:https://registry.npmjs.org/typescript cache-miss
102 http cache https://registry.npmjs.org/typescript 18ms (cache hit)
103 silly packumentCache full:https://registry.npmjs.org/typescript set size:14697058 disposed:false
104 silly placeDep ROOT chokidar@3.6.0 OK for: ts-node-dev@2.0.0 want: ^3.5.1
105 silly placeDep ROOT dynamic-dedupe@0.3.0 OK for: ts-node-dev@2.0.0 want: ^0.3.0
106 silly placeDep ROOT minimist@1.2.8 OK for: ts-node-dev@2.0.0 want: ^1.2.6
107 silly placeDep ROOT mkdirp@1.0.4 OK for: ts-node-dev@2.0.0 want: ^1.0.4
108 silly placeDep ROOT resolve@1.22.10 OK for: ts-node-dev@2.0.0 want: ^1.0.0
109 silly placeDep ROOT rimraf@2.7.1 OK for: ts-node-dev@2.0.0 want: ^2.6.1
110 silly placeDep ROOT source-map-support@0.5.21 OK for: ts-node-dev@2.0.0 want: ^0.5.12
111 silly placeDep ROOT tree-kill@1.2.2 OK for: ts-node-dev@2.0.0 want: ^1.2.2
112 silly placeDep ROOT ts-node@10.9.2 OK for: ts-node-dev@2.0.0 want: ^10.4.0
113 silly placeDep ROOT tsconfig@7.0.0 OK for: ts-node-dev@2.0.0 want: ^7.0.0
114 silly fetch manifest braces@~3.0.2
115 silly packumentCache full:https://registry.npmjs.org/braces cache-miss
116 silly fetch manifest is-glob@~4.0.1
117 silly packumentCache full:https://registry.npmjs.org/is-glob cache-miss
118 silly fetch manifest anymatch@~3.1.2
119 silly packumentCache full:https://registry.npmjs.org/anymatch cache-miss
120 silly fetch manifest readdirp@~3.6.0
121 silly packumentCache full:https://registry.npmjs.org/readdirp cache-miss
122 silly fetch manifest glob-parent@~5.1.2
123 silly packumentCache full:https://registry.npmjs.org/glob-parent cache-miss
124 silly fetch manifest is-binary-path@~2.1.0
125 silly packumentCache full:https://registry.npmjs.org/is-binary-path cache-miss
126 silly fetch manifest normalize-path@~3.0.0
127 silly packumentCache full:https://registry.npmjs.org/normalize-path cache-miss
128 http fetch GET 200 https://registry.npmjs.org/braces 34ms (cache miss)
129 silly packumentCache full:https://registry.npmjs.org/braces set size:undefined disposed:false
130 silly fetch manifest fsevents@~2.3.2
131 silly packumentCache full:https://registry.npmjs.org/fsevents cache-miss
132 http fetch GET 200 https://registry.npmjs.org/is-binary-path 38ms (cache miss)
133 silly packumentCache full:https://registry.npmjs.org/is-binary-path set size:undefined disposed:false
134 silly fetch manifest xtend@^4.0.0
135 silly packumentCache full:https://registry.npmjs.org/xtend cache-miss
136 http fetch GET 200 https://registry.npmjs.org/anymatch 39ms (cache miss)
137 silly packumentCache full:https://registry.npmjs.org/anymatch set size:undefined disposed:false
138 silly fetch manifest is-core-module@^2.16.0
139 silly packumentCache full:https://registry.npmjs.org/is-core-module cache-miss
140 http fetch GET 200 https://registry.npmjs.org/is-glob 39ms (cache miss)
141 silly packumentCache full:https://registry.npmjs.org/is-glob set size:undefined disposed:false
142 silly fetch manifest path-parse@^1.0.7
143 silly packumentCache full:https://registry.npmjs.org/path-parse cache-miss
144 http fetch GET 200 https://registry.npmjs.org/glob-parent 41ms (cache miss)
145 silly packumentCache full:https://registry.npmjs.org/glob-parent set size:undefined disposed:false
146 silly fetch manifest supports-preserve-symlinks-flag@^1.0.0
147 silly packumentCache full:https://registry.npmjs.org/supports-preserve-symlinks-flag cache-miss
148 http fetch GET 200 https://registry.npmjs.org/readdirp 42ms (cache miss)
149 silly packumentCache full:https://registry.npmjs.org/readdirp set size:undefined disposed:false
150 silly fetch manifest glob@^7.1.3
151 silly packumentCache full:https://registry.npmjs.org/glob cache-miss
152 http fetch GET 200 https://registry.npmjs.org/normalize-path 43ms (cache miss)
153 silly packumentCache full:https://registry.npmjs.org/normalize-path set size:undefined disposed:false
154 silly fetch manifest buffer-from@^1.0.0
155 silly packumentCache full:https://registry.npmjs.org/buffer-from cache-miss
156 http fetch GET 200 https://registry.npmjs.org/fsevents 29ms (cache miss)
157 silly packumentCache full:https://registry.npmjs.org/fsevents set size:undefined disposed:false
158 silly fetch manifest source-map@^0.6.0
159 silly packumentCache full:https://registry.npmjs.org/source-map cache-miss
160 http fetch GET 200 https://registry.npmjs.org/is-core-module 26ms (cache miss)
161 silly packumentCache full:https://registry.npmjs.org/is-core-module set size:undefined disposed:false
162 silly fetch manifest yn@3.1.1
163 silly packumentCache full:https://registry.npmjs.org/yn cache-miss
164 http fetch GET 200 https://registry.npmjs.org/buffer-from 27ms (cache miss)
165 silly packumentCache full:https://registry.npmjs.org/buffer-from set size:undefined disposed:false
166 silly fetch manifest arg@^4.1.0
167 silly packumentCache full:https://registry.npmjs.org/arg cache-miss
168 http fetch GET 200 https://registry.npmjs.org/supports-preserve-symlinks-flag 38ms (cache miss)
169 silly packumentCache full:https://registry.npmjs.org/supports-preserve-symlinks-flag set size:undefined disposed:false
170 silly fetch manifest diff@^4.0.1
171 silly packumentCache full:https://registry.npmjs.org/diff cache-miss
172 http fetch GET 200 https://registry.npmjs.org/path-parse 41ms (cache miss)
173 silly packumentCache full:https://registry.npmjs.org/path-parse set size:undefined disposed:false
174 silly fetch manifest acorn@^8.4.1
175 silly packumentCache full:https://registry.npmjs.org/acorn cache-miss
176 http fetch GET 200 https://registry.npmjs.org/glob 39ms (cache miss)
177 silly packumentCache full:https://registry.npmjs.org/glob set size:undefined disposed:false
178 silly fetch manifest acorn-walk@^8.1.1
179 silly packumentCache full:https://registry.npmjs.org/acorn-walk cache-miss
180 http fetch GET 200 https://registry.npmjs.org/yn 26ms (cache miss)
181 silly packumentCache full:https://registry.npmjs.org/yn set size:undefined disposed:false
182 silly fetch manifest make-error@^1.1.1
183 silly packumentCache full:https://registry.npmjs.org/make-error cache-miss
184 http fetch GET 200 https://registry.npmjs.org/source-map 30ms (cache miss)
185 silly packumentCache full:https://registry.npmjs.org/source-map set size:undefined disposed:false
186 silly fetch manifest create-require@^1.1.0
187 silly packumentCache full:https://registry.npmjs.org/create-require cache-miss
188 http fetch GET 200 https://registry.npmjs.org/xtend 61ms (cache miss)
189 silly packumentCache full:https://registry.npmjs.org/xtend set size:undefined disposed:false
190 silly fetch manifest @tsconfig/node10@^1.0.7
191 silly packumentCache full:https://registry.npmjs.org/@tsconfig%2fnode10 cache-miss
192 http fetch GET 200 https://registry.npmjs.org/arg 30ms (cache miss)
193 silly packumentCache full:https://registry.npmjs.org/arg set size:undefined disposed:false
194 silly fetch manifest @tsconfig/node12@^1.0.7
195 silly packumentCache full:https://registry.npmjs.org/@tsconfig%2fnode12 cache-miss
196 http fetch GET 200 https://registry.npmjs.org/acorn-walk 26ms (cache miss)
197 silly packumentCache full:https://registry.npmjs.org/acorn-walk set size:undefined disposed:false
198 silly fetch manifest @tsconfig/node14@^1.0.0
199 silly packumentCache full:https://registry.npmjs.org/@tsconfig%2fnode14 cache-miss
200 http fetch GET 200 https://registry.npmjs.org/diff 34ms (cache miss)
201 silly packumentCache full:https://registry.npmjs.org/diff set size:undefined disposed:false
202 silly fetch manifest @tsconfig/node16@^1.0.2
203 silly packumentCache full:https://registry.npmjs.org/@tsconfig%2fnode16 cache-miss
204 http fetch GET 200 https://registry.npmjs.org/make-error 25ms (cache miss)
205 silly packumentCache full:https://registry.npmjs.org/make-error set size:undefined disposed:false
206 silly fetch manifest v8-compile-cache-lib@^3.0.1
207 silly packumentCache full:https://registry.npmjs.org/v8-compile-cache-lib cache-miss
208 http fetch GET 200 https://registry.npmjs.org/acorn 38ms (cache miss)
209 silly packumentCache full:https://registry.npmjs.org/acorn set size:undefined disposed:false
210 silly fetch manifest @cspotcode/source-map-support@^0.8.0
211 silly packumentCache full:https://registry.npmjs.org/@cspotcode%2fsource-map-support cache-miss
212 http fetch GET 200 https://registry.npmjs.org/create-require 42ms (cache miss)
213 silly packumentCache full:https://registry.npmjs.org/create-require set size:undefined disposed:false
214 silly fetch manifest @types/strip-bom@^3.0.0
215 silly packumentCache full:https://registry.npmjs.org/@types%2fstrip-bom cache-miss
216 http fetch GET 200 https://registry.npmjs.org/v8-compile-cache-lib 24ms (cache miss)
217 silly packumentCache full:https://registry.npmjs.org/v8-compile-cache-lib set size:undefined disposed:false
218 silly fetch manifest @types/strip-json-comments@0.0.30
219 silly packumentCache full:https://registry.npmjs.org/@types%2fstrip-json-comments cache-miss
220 http fetch GET 200 https://registry.npmjs.org/@types%2fstrip-json-comments 30ms (cache miss)
221 silly packumentCache full:https://registry.npmjs.org/@types%2fstrip-json-comments set size:undefined disposed:false
222 silly fetch manifest strip-bom@^3.0.0
223 silly packumentCache full:https://registry.npmjs.org/strip-bom cache-miss
224 http fetch GET 200 https://registry.npmjs.org/@types%2fstrip-bom 35ms (cache miss)
225 silly packumentCache full:https://registry.npmjs.org/@types%2fstrip-bom set size:undefined disposed:false
226 silly fetch manifest strip-json-comments@^2.0.0
227 silly packumentCache full:https://registry.npmjs.org/strip-json-comments cache-miss
228 http fetch GET 200 https://registry.npmjs.org/strip-bom 24ms (cache miss)
229 silly packumentCache full:https://registry.npmjs.org/strip-bom set size:undefined disposed:false
230 http fetch GET 200 https://registry.npmjs.org/strip-json-comments 29ms (cache miss)
231 silly packumentCache full:https://registry.npmjs.org/strip-json-comments set size:undefined disposed:false
232 http fetch GET 200 https://registry.npmjs.org/@tsconfig%2fnode10 247ms (cache miss)
233 silly packumentCache full:https://registry.npmjs.org/@tsconfig%2fnode10 set size:undefined disposed:false
234 http fetch GET 200 https://registry.npmjs.org/@tsconfig%2fnode12 246ms (cache miss)
235 silly packumentCache full:https://registry.npmjs.org/@tsconfig%2fnode12 set size:undefined disposed:false
236 http fetch GET 200 https://registry.npmjs.org/@tsconfig%2fnode14 238ms (cache miss)
237 silly packumentCache full:https://registry.npmjs.org/@tsconfig%2fnode14 set size:undefined disposed:false
238 http fetch GET 200 https://registry.npmjs.org/@tsconfig%2fnode16 233ms (cache miss)
239 silly packumentCache full:https://registry.npmjs.org/@tsconfig%2fnode16 set size:undefined disposed:false
240 http fetch GET 200 https://registry.npmjs.org/@cspotcode%2fsource-map-support 231ms (cache miss)
241 silly packumentCache full:https://registry.npmjs.org/@cspotcode%2fsource-map-support set size:undefined disposed:false
242 silly placeDep ROOT anymatch@3.1.3 OK for: chokidar@3.6.0 want: ~3.1.2
243 silly placeDep ROOT braces@3.0.3 OK for: chokidar@3.6.0 want: ~3.0.2
244 silly placeDep ROOT fsevents@2.3.3 OK for: chokidar@3.6.0 want: ~2.3.2
245 silly placeDep ROOT glob-parent@5.1.2 OK for: chokidar@3.6.0 want: ~5.1.2
246 silly placeDep ROOT is-binary-path@2.1.0 OK for: chokidar@3.6.0 want: ~2.1.0
247 silly placeDep ROOT is-glob@4.0.3 OK for: chokidar@3.6.0 want: ~4.0.1
248 silly placeDep ROOT normalize-path@3.0.0 OK for: chokidar@3.6.0 want: ~3.0.0
249 silly placeDep ROOT readdirp@3.6.0 OK for: chokidar@3.6.0 want: ~3.6.0
250 silly fetch manifest picomatch@^2.0.4
251 silly packumentCache full:https://registry.npmjs.org/picomatch cache-miss
252 silly fetch manifest normalize-path@^3.0.0
253 silly packumentCache full:https://registry.npmjs.org/normalize-path cache-miss
254 silly fetch manifest fill-range@^7.1.1
255 silly packumentCache full:https://registry.npmjs.org/fill-range cache-miss
256 silly fetch manifest is-glob@^4.0.1
257 silly packumentCache full:https://registry.npmjs.org/is-glob cache-miss
258 silly fetch manifest binary-extensions@^2.0.0
259 silly packumentCache full:https://registry.npmjs.org/binary-extensions cache-miss
260 silly fetch manifest is-extglob@^2.1.1
261 silly packumentCache full:https://registry.npmjs.org/is-extglob cache-miss
262 silly fetch manifest picomatch@^2.2.1
263 silly packumentCache full:https://registry.npmjs.org/picomatch cache-miss
264 http cache https://registry.npmjs.org/is-glob 4ms (cache hit)
265 silly packumentCache full:https://registry.npmjs.org/is-glob set size:40530 disposed:false
266 http cache https://registry.npmjs.org/normalize-path 5ms (cache hit)
267 silly packumentCache full:https://registry.npmjs.org/normalize-path set size:28713 disposed:false
268 http fetch GET 200 https://registry.npmjs.org/picomatch 25ms (cache miss)
269 silly packumentCache full:https://registry.npmjs.org/picomatch set size:undefined disposed:false
270 http fetch GET 200 https://registry.npmjs.org/is-extglob 29ms (cache miss)
271 silly packumentCache full:https://registry.npmjs.org/is-extglob set size:undefined disposed:false
272 http fetch GET 200 https://registry.npmjs.org/picomatch 33ms (cache miss)
273 silly packumentCache full:https://registry.npmjs.org/picomatch set size:undefined disposed:false
274 http fetch GET 200 https://registry.npmjs.org/binary-extensions 37ms (cache miss)
275 silly packumentCache full:https://registry.npmjs.org/binary-extensions set size:undefined disposed:false
276 http fetch GET 200 https://registry.npmjs.org/fill-range 43ms (cache miss)
277 silly packumentCache full:https://registry.npmjs.org/fill-range set size:undefined disposed:false
278 silly placeDep ROOT picomatch@2.3.1 OK for: anymatch@3.1.3 want: ^2.0.4
279 silly placeDep ROOT fill-range@7.1.1 OK for: braces@3.0.3 want: ^7.1.1
280 silly fetch manifest to-regex-range@^5.0.1
281 silly packumentCache full:https://registry.npmjs.org/to-regex-range cache-miss
282 http fetch GET 200 https://registry.npmjs.org/to-regex-range 36ms (cache miss)
283 silly packumentCache full:https://registry.npmjs.org/to-regex-range set size:undefined disposed:false
284 silly placeDep ROOT xtend@4.0.2 OK for: dynamic-dedupe@0.3.0 want: ^4.0.0
285 silly placeDep ROOT to-regex-range@5.0.1 OK for: fill-range@7.1.1 want: ^5.0.1
286 silly fetch manifest is-number@^7.0.0
287 silly packumentCache full:https://registry.npmjs.org/is-number cache-miss
288 http fetch GET 200 https://registry.npmjs.org/is-number 29ms (cache miss)
289 silly packumentCache full:https://registry.npmjs.org/is-number set size:undefined disposed:false
290 silly placeDep ROOT binary-extensions@2.3.0 OK for: is-binary-path@2.1.0 want: ^2.0.0
291 silly placeDep ROOT is-extglob@2.1.1 OK for: is-glob@4.0.3 want: ^2.1.1
292 silly placeDep ROOT is-core-module@2.16.1 OK for: resolve@1.22.10 want: ^2.16.0
293 silly placeDep ROOT path-parse@1.0.7 OK for: resolve@1.22.10 want: ^1.0.7
294 silly placeDep ROOT supports-preserve-symlinks-flag@1.0.0 OK for: resolve@1.22.10 want: ^1.0.0
295 silly fetch manifest hasown@^2.0.2
296 silly packumentCache full:https://registry.npmjs.org/hasown cache-miss
297 http fetch GET 200 https://registry.npmjs.org/hasown 22ms (cache miss)
298 silly packumentCache full:https://registry.npmjs.org/hasown set size:undefined disposed:false
299 silly placeDep ROOT hasown@2.0.2 OK for: is-core-module@2.16.1 want: ^2.0.2
300 silly fetch manifest function-bind@^1.1.2
301 silly packumentCache full:https://registry.npmjs.org/function-bind cache-miss
302 http fetch GET 200 https://registry.npmjs.org/function-bind 35ms (cache miss)
303 silly packumentCache full:https://registry.npmjs.org/function-bind set size:undefined disposed:false
304 silly placeDep ROOT function-bind@1.1.2 OK for: hasown@2.0.2 want: ^1.1.2
305 silly placeDep ROOT glob@7.2.3 OK for: rimraf@2.7.1 want: ^7.1.3
306 silly fetch manifest once@^1.3.0
307 silly packumentCache full:https://registry.npmjs.org/once cache-miss
308 silly fetch manifest inflight@^1.0.4
309 silly packumentCache full:https://registry.npmjs.org/inflight cache-miss
310 silly fetch manifest inherits@2
311 silly packumentCache full:https://registry.npmjs.org/inherits cache-miss
312 silly fetch manifest minimatch@^3.1.1
313 silly packumentCache full:https://registry.npmjs.org/minimatch cache-miss
314 silly fetch manifest fs.realpath@^1.0.0
315 silly packumentCache full:https://registry.npmjs.org/fs.realpath cache-miss
316 silly fetch manifest path-is-absolute@^1.0.0
317 silly packumentCache full:https://registry.npmjs.org/path-is-absolute cache-miss
318 http fetch GET 200 https://registry.npmjs.org/once 28ms (cache miss)
319 silly packumentCache full:https://registry.npmjs.org/once set size:undefined disposed:false
320 http fetch GET 200 https://registry.npmjs.org/path-is-absolute 31ms (cache miss)
321 silly packumentCache full:https://registry.npmjs.org/path-is-absolute set size:undefined disposed:false
322 http fetch GET 200 https://registry.npmjs.org/fs.realpath 31ms (cache miss)
323 silly packumentCache full:https://registry.npmjs.org/fs.realpath set size:undefined disposed:false
324 http fetch GET 200 https://registry.npmjs.org/inflight 33ms (cache miss)
325 silly packumentCache full:https://registry.npmjs.org/inflight set size:undefined disposed:false
326 http fetch GET 200 https://registry.npmjs.org/inherits 34ms (cache miss)
327 silly packumentCache full:https://registry.npmjs.org/inherits set size:undefined disposed:false
328 http fetch GET 200 https://registry.npmjs.org/minimatch 39ms (cache miss)
329 silly packumentCache full:https://registry.npmjs.org/minimatch set size:undefined disposed:false
330 silly placeDep ROOT fs.realpath@1.0.0 OK for: glob@7.2.3 want: ^1.0.0
331 silly placeDep ROOT inflight@1.0.6 OK for: glob@7.2.3 want: ^1.0.4
332 silly placeDep ROOT inherits@2.0.4 OK for: glob@7.2.3 want: 2
333 silly placeDep ROOT minimatch@3.1.2 OK for: glob@7.2.3 want: ^3.1.1
334 silly placeDep ROOT once@1.4.0 OK for: glob@7.2.3 want: ^1.3.0
335 silly placeDep ROOT path-is-absolute@1.0.1 OK for: glob@7.2.3 want: ^1.0.0
336 silly fetch manifest wrappy@1
337 silly packumentCache full:https://registry.npmjs.org/wrappy cache-miss
338 silly fetch manifest brace-expansion@^1.1.7
339 silly packumentCache full:https://registry.npmjs.org/brace-expansion cache-miss
340 silly fetch manifest wrappy@1
341 silly packumentCache full:https://registry.npmjs.org/wrappy cache-miss
342 http fetch GET 200 https://registry.npmjs.org/wrappy 24ms (cache miss)
343 silly packumentCache full:https://registry.npmjs.org/wrappy set size:undefined disposed:false
344 http fetch GET 200 https://registry.npmjs.org/wrappy 55ms (cache miss)
345 silly packumentCache full:https://registry.npmjs.org/wrappy set size:undefined disposed:false
346 http fetch GET 200 https://registry.npmjs.org/brace-expansion 221ms (cache miss)
347 silly packumentCache full:https://registry.npmjs.org/brace-expansion set size:undefined disposed:false
348 silly placeDep ROOT wrappy@1.0.2 OK for: inflight@1.0.6 want: 1
349 silly placeDep ROOT brace-expansion@1.1.12 OK for: minimatch@3.1.2 want: ^1.1.7
350 silly fetch manifest balanced-match@^1.0.0
351 silly packumentCache full:https://registry.npmjs.org/balanced-match cache-miss
352 silly fetch manifest concat-map@0.0.1
353 silly packumentCache full:https://registry.npmjs.org/concat-map cache-miss
354 http fetch GET 200 https://registry.npmjs.org/concat-map 209ms (cache miss)
355 silly packumentCache full:https://registry.npmjs.org/concat-map set size:undefined disposed:false
356 http fetch GET 200 https://registry.npmjs.org/balanced-match 217ms (cache miss)
357 silly packumentCache full:https://registry.npmjs.org/balanced-match set size:undefined disposed:false
358 silly placeDep ROOT balanced-match@1.0.2 OK for: brace-expansion@1.1.12 want: ^1.0.0
359 silly placeDep ROOT concat-map@0.0.1 OK for: brace-expansion@1.1.12 want: 0.0.1
360 silly placeDep ROOT buffer-from@1.1.2 OK for: source-map-support@0.5.21 want: ^1.0.0
361 silly placeDep ROOT source-map@0.6.1 OK for: source-map-support@0.5.21 want: ^0.6.0
362 silly placeDep ROOT is-number@7.0.0 OK for: to-regex-range@5.0.1 want: ^7.0.0
363 silly placeDep ROOT @cspotcode/source-map-support@0.8.1 OK for: ts-node@10.9.2 want: ^0.8.0
364 silly placeDep ROOT @tsconfig/node10@1.0.11 OK for: ts-node@10.9.2 want: ^1.0.7
365 silly placeDep ROOT @tsconfig/node12@1.0.11 OK for: ts-node@10.9.2 want: ^1.0.7
366 silly placeDep ROOT @tsconfig/node14@1.0.3 OK for: ts-node@10.9.2 want: ^1.0.0
367 silly placeDep ROOT @tsconfig/node16@1.0.4 OK for: ts-node@10.9.2 want: ^1.0.2
368 silly placeDep ROOT acorn@8.15.0 OK for: ts-node@10.9.2 want: ^8.4.1
369 silly placeDep ROOT acorn-walk@8.3.4 OK for: ts-node@10.9.2 want: ^8.1.1
370 silly placeDep ROOT arg@4.1.3 OK for: ts-node@10.9.2 want: ^4.1.0
371 silly placeDep ROOT create-require@1.1.1 OK for: ts-node@10.9.2 want: ^1.1.0
372 silly placeDep ROOT diff@4.0.2 OK for: ts-node@10.9.2 want: ^4.0.1
373 silly placeDep ROOT make-error@1.3.6 OK for: ts-node@10.9.2 want: ^1.1.1
374 silly placeDep ROOT v8-compile-cache-lib@3.0.1 OK for: ts-node@10.9.2 want: ^3.0.1
375 silly placeDep ROOT yn@3.1.1 OK for: ts-node@10.9.2 want: 3.1.1
376 silly fetch manifest @jridgewell/trace-mapping@0.3.9
377 silly packumentCache full:https://registry.npmjs.org/@jridgewell%2ftrace-mapping cache-miss
378 http fetch GET 200 https://registry.npmjs.org/@jridgewell%2ftrace-mapping 248ms (cache miss)
379 silly packumentCache full:https://registry.npmjs.org/@jridgewell%2ftrace-mapping set size:undefined disposed:false
380 silly placeDep ROOT @jridgewell/trace-mapping@0.3.9 OK for: @cspotcode/source-map-support@0.8.1 want: 0.3.9
381 silly fetch manifest @jridgewell/resolve-uri@^3.0.3
382 silly packumentCache full:https://registry.npmjs.org/@jridgewell%2fresolve-uri cache-miss
383 silly fetch manifest @jridgewell/sourcemap-codec@^1.4.10
384 silly packumentCache full:https://registry.npmjs.org/@jridgewell%2fsourcemap-codec cache-miss
385 http fetch GET 200 https://registry.npmjs.org/@jridgewell%2fsourcemap-codec 222ms (cache miss)
386 silly packumentCache full:https://registry.npmjs.org/@jridgewell%2fsourcemap-codec set size:undefined disposed:false
387 http fetch GET 200 https://registry.npmjs.org/@jridgewell%2fresolve-uri 243ms (cache miss)
388 silly packumentCache full:https://registry.npmjs.org/@jridgewell%2fresolve-uri set size:undefined disposed:false
389 silly placeDep ROOT @jridgewell/resolve-uri@3.1.2 OK for: @jridgewell/trace-mapping@0.3.9 want: ^3.0.3
390 silly placeDep ROOT @jridgewell/sourcemap-codec@1.5.5 OK for: @jridgewell/trace-mapping@0.3.9 want: ^1.4.10
391 silly placeDep ROOT @types/strip-bom@3.0.0 OK for: tsconfig@7.0.0 want: ^3.0.0
392 silly placeDep ROOT @types/strip-json-comments@0.0.30 OK for: tsconfig@7.0.0 want: 0.0.30
393 silly placeDep ROOT strip-bom@3.0.0 OK for: tsconfig@7.0.0 want: ^3.0.0
394 silly placeDep ROOT strip-json-comments@2.0.1 OK for: tsconfig@7.0.0 want: ^2.0.0
395 silly reify moves {}
396 silly audit bulk request {
396 silly audit   '@types/node': [ '22.18.6' ],
396 silly audit   commander: [ '12.1.0' ],
396 silly audit   'ts-node-dev': [ '2.0.0' ],
396 silly audit   typescript: [ '5.9.2' ],
396 silly audit   'undici-types': [ '6.21.0' ],
396 silly audit   chokidar: [ '3.6.0' ],
396 silly audit   'dynamic-dedupe': [ '0.3.0' ],
396 silly audit   minimist: [ '1.2.8' ],
396 silly audit   mkdirp: [ '1.0.4' ],
396 silly audit   resolve: [ '1.22.10' ],
396 silly audit   rimraf: [ '2.7.1' ],
396 silly audit   'source-map-support': [ '0.5.21' ],
396 silly audit   'tree-kill': [ '1.2.2' ],
396 silly audit   'ts-node': [ '10.9.2' ],
396 silly audit   tsconfig: [ '7.0.0' ],
396 silly audit   anymatch: [ '3.1.3' ],
396 silly audit   braces: [ '3.0.3' ],
396 silly audit   fsevents: [ '2.3.3' ],
396 silly audit   'glob-parent': [ '5.1.2' ],
396 silly audit   'is-binary-path': [ '2.1.0' ],
396 silly audit   'is-glob': [ '4.0.3' ],
396 silly audit   'normalize-path': [ '3.0.0' ],
396 silly audit   readdirp: [ '3.6.0' ],
396 silly audit   picomatch: [ '2.3.1' ],
396 silly audit   'fill-range': [ '7.1.1' ],
396 silly audit   xtend: [ '4.0.2' ],
396 silly audit   'to-regex-range': [ '5.0.1' ],
396 silly audit   'binary-extensions': [ '2.3.0' ],
396 silly audit   'is-extglob': [ '2.1.1' ],
396 silly audit   'is-core-module': [ '2.16.1' ],
396 silly audit   'path-parse': [ '1.0.7' ],
396 silly audit   'supports-preserve-symlinks-flag': [ '1.0.0' ],
396 silly audit   hasown: [ '2.0.2' ],
396 silly audit   'function-bind': [ '1.1.2' ],
396 silly audit   glob: [ '7.2.3' ],
396 silly audit   'fs.realpath': [ '1.0.0' ],
396 silly audit   inflight: [ '1.0.6' ],
396 silly audit   inherits: [ '2.0.4' ],
396 silly audit   minimatch: [ '3.1.2' ],
396 silly audit   once: [ '1.4.0' ],
396 silly audit   'path-is-absolute': [ '1.0.1' ],
396 silly audit   wrappy: [ '1.0.2' ],
396 silly audit   'brace-expansion': [ '1.1.12' ],
396 silly audit   'balanced-match': [ '1.0.2' ],
396 silly audit   'concat-map': [ '0.0.1' ],
396 silly audit   'buffer-from': [ '1.1.2' ],
396 silly audit   'source-map': [ '0.6.1' ],
396 silly audit   'is-number': [ '7.0.0' ],
396 silly audit   '@cspotcode/source-map-support': [ '0.8.1' ],
396 silly audit   '@tsconfig/node10': [ '1.0.11' ],
396 silly audit   '@tsconfig/node12': [ '1.0.11' ],
396 silly audit   '@tsconfig/node14': [ '1.0.3' ],
396 silly audit   '@tsconfig/node16': [ '1.0.4' ],
396 silly audit   acorn: [ '8.15.0' ],
396 silly audit   'acorn-walk': [ '8.3.4' ],
396 silly audit   arg: [ '4.1.3' ],
396 silly audit   'create-require': [ '1.1.1' ],
396 silly audit   diff: [ '4.0.2' ],
396 silly audit   'make-error': [ '1.3.6' ],
396 silly audit   'v8-compile-cache-lib': [ '3.0.1' ],
396 silly audit   yn: [ '3.1.1' ],
396 silly audit   '@jridgewell/trace-mapping': [ '0.3.9' ],
396 silly audit   '@jridgewell/resolve-uri': [ '3.1.2' ],
396 silly audit   '@jridgewell/sourcemap-codec': [ '1.5.5' ],
396 silly audit   '@types/strip-bom': [ '3.0.0' ],
396 silly audit   '@types/strip-json-comments': [ '0.0.30' ],
396 silly audit   'strip-bom': [ '3.0.0' ],
396 silly audit   'strip-json-comments': [ '2.0.1' ]
396 silly audit }
397 http cache strip-bom@https://registry.npmjs.org/strip-bom/-/strip-bom-3.0.0.tgz 0ms (cache hit)
398 http cache @types/strip-json-comments@https://registry.npmjs.org/@types/strip-json-comments/-/strip-json-comments-0.0.30.tgz 0ms (cache hit)
399 http cache @types/strip-bom@https://registry.npmjs.org/@types/strip-bom/-/strip-bom-3.0.0.tgz 0ms (cache hit)
400 http cache @jridgewell/resolve-uri@https://registry.npmjs.org/@jridgewell/resolve-uri/-/resolve-uri-3.1.2.tgz 0ms (cache hit)
401 http cache @jridgewell/trace-mapping@https://registry.npmjs.org/@jridgewell/trace-mapping/-/trace-mapping-0.3.9.tgz 0ms (cache hit)
402 http cache yn@https://registry.npmjs.org/yn/-/yn-3.1.1.tgz 0ms (cache hit)
403 http cache v8-compile-cache-lib@https://registry.npmjs.org/v8-compile-cache-lib/-/v8-compile-cache-lib-3.0.1.tgz 0ms (cache hit)
404 http cache strip-json-comments@https://registry.npmjs.org/strip-json-comments/-/strip-json-comments-2.0.1.tgz 0ms (cache hit)
405 http cache make-error@https://registry.npmjs.org/make-error/-/make-error-1.3.6.tgz 0ms (cache hit)
406 http cache create-require@https://registry.npmjs.org/create-require/-/create-require-1.1.1.tgz 0ms (cache hit)
407 http cache acorn-walk@https://registry.npmjs.org/acorn-walk/-/acorn-walk-8.3.4.tgz 0ms (cache hit)
408 http cache acorn@https://registry.npmjs.org/acorn/-/acorn-8.15.0.tgz 0ms (cache hit)
409 http cache @tsconfig/node16@https://registry.npmjs.org/@tsconfig/node16/-/node16-1.0.4.tgz 0ms (cache hit)
410 http cache @tsconfig/node14@https://registry.npmjs.org/@tsconfig/node14/-/node14-1.0.3.tgz 0ms (cache hit)
411 http cache @tsconfig/node12@https://registry.npmjs.org/@tsconfig/node12/-/node12-1.0.11.tgz 0ms (cache hit)
412 http cache @tsconfig/node10@https://registry.npmjs.org/@tsconfig/node10/-/node10-1.0.11.tgz 0ms (cache hit)
413 http cache @cspotcode/source-map-support@https://registry.npmjs.org/@cspotcode/source-map-support/-/source-map-support-0.8.1.tgz 0ms (cache hit)
414 http cache is-number@https://registry.npmjs.org/is-number/-/is-number-7.0.0.tgz 0ms (cache hit)
415 http cache source-map@https://registry.npmjs.org/source-map/-/source-map-0.6.1.tgz 0ms (cache hit)
416 http cache buffer-from@https://registry.npmjs.org/buffer-from/-/buffer-from-1.1.2.tgz 0ms (cache hit)
417 http cache concat-map@https://registry.npmjs.org/concat-map/-/concat-map-0.0.1.tgz 0ms (cache hit)
418 http cache balanced-match@https://registry.npmjs.org/balanced-match/-/balanced-match-1.0.2.tgz 0ms (cache hit)
419 http cache brace-expansion@https://registry.npmjs.org/brace-expansion/-/brace-expansion-1.1.12.tgz 0ms (cache hit)
420 http cache wrappy@https://registry.npmjs.org/wrappy/-/wrappy-1.0.2.tgz 0ms (cache hit)
421 http cache path-is-absolute@https://registry.npmjs.org/path-is-absolute/-/path-is-absolute-1.0.1.tgz 0ms (cache hit)
422 http cache once@https://registry.npmjs.org/once/-/once-1.4.0.tgz 0ms (cache hit)
423 http cache minimatch@https://registry.npmjs.org/minimatch/-/minimatch-3.1.2.tgz 0ms (cache hit)
424 http cache inflight@https://registry.npmjs.org/inflight/-/inflight-1.0.6.tgz 0ms (cache hit)
425 http cache inherits@https://registry.npmjs.org/inherits/-/inherits-2.0.4.tgz 0ms (cache hit)
426 http cache fs.realpath@https://registry.npmjs.org/fs.realpath/-/fs.realpath-1.0.0.tgz 0ms (cache hit)
427 http cache glob@https://registry.npmjs.org/glob/-/glob-7.2.3.tgz 0ms (cache hit)
428 http cache arg@https://registry.npmjs.org/arg/-/arg-4.1.3.tgz 0ms (cache hit)
429 http cache function-bind@https://registry.npmjs.org/function-bind/-/function-bind-1.1.2.tgz 0ms (cache hit)
430 http cache path-parse@https://registry.npmjs.org/path-parse/-/path-parse-1.0.7.tgz 0ms (cache hit)
431 http cache hasown@https://registry.npmjs.org/hasown/-/hasown-2.0.2.tgz 0ms (cache hit)
432 http cache @jridgewell/sourcemap-codec@https://registry.npmjs.org/@jridgewell/sourcemap-codec/-/sourcemap-codec-1.5.5.tgz 0ms (cache hit)
433 http cache is-core-module@https://registry.npmjs.org/is-core-module/-/is-core-module-2.16.1.tgz 0ms (cache hit)
434 http cache is-extglob@https://registry.npmjs.org/is-extglob/-/is-extglob-2.1.1.tgz 0ms (cache hit)
435 http cache binary-extensions@https://registry.npmjs.org/binary-extensions/-/binary-extensions-2.3.0.tgz 0ms (cache hit)
436 http cache diff@https://registry.npmjs.org/diff/-/diff-4.0.2.tgz 0ms (cache hit)
437 http cache to-regex-range@https://registry.npmjs.org/to-regex-range/-/to-regex-range-5.0.1.tgz 0ms (cache hit)
438 http cache fill-range@https://registry.npmjs.org/fill-range/-/fill-range-7.1.1.tgz 0ms (cache hit)
439 http cache xtend@https://registry.npmjs.org/xtend/-/xtend-4.0.2.tgz 0ms (cache hit)
440 http cache readdirp@https://registry.npmjs.org/readdirp/-/readdirp-3.6.0.tgz 0ms (cache hit)
441 http cache picomatch@https://registry.npmjs.org/picomatch/-/picomatch-2.3.1.tgz 0ms (cache hit)
442 http cache supports-preserve-symlinks-flag@https://registry.npmjs.org/supports-preserve-symlinks-flag/-/supports-preserve-symlinks-flag-1.0.0.tgz 0ms (cache hit)
443 http cache normalize-path@https://registry.npmjs.org/normalize-path/-/normalize-path-3.0.0.tgz 0ms (cache hit)
444 http cache is-glob@https://registry.npmjs.org/is-glob/-/is-glob-4.0.3.tgz 0ms (cache hit)
445 http cache glob-parent@https://registry.npmjs.org/glob-parent/-/glob-parent-5.1.2.tgz 0ms (cache hit)
446 http cache fsevents@https://registry.npmjs.org/fsevents/-/fsevents-2.3.3.tgz 0ms (cache hit)
447 http cache anymatch@https://registry.npmjs.org/anymatch/-/anymatch-3.1.3.tgz 0ms (cache hit)
448 http cache braces@https://registry.npmjs.org/braces/-/braces-3.0.3.tgz 0ms (cache hit)
449 http cache tsconfig@https://registry.npmjs.org/tsconfig/-/tsconfig-7.0.0.tgz 0ms (cache hit)
450 http cache ts-node@https://registry.npmjs.org/ts-node/-/ts-node-10.9.2.tgz 0ms (cache hit)
451 http cache tree-kill@https://registry.npmjs.org/tree-kill/-/tree-kill-1.2.2.tgz 0ms (cache hit)
452 http cache rimraf@https://registry.npmjs.org/rimraf/-/rimraf-2.7.1.tgz 0ms (cache hit)
453 http cache source-map-support@https://registry.npmjs.org/source-map-support/-/source-map-support-0.5.21.tgz 0ms (cache hit)
454 http cache resolve@https://registry.npmjs.org/resolve/-/resolve-1.22.10.tgz 0ms (cache hit)
455 http cache mkdirp@https://registry.npmjs.org/mkdirp/-/mkdirp-1.0.4.tgz 0ms (cache hit)
456 http cache minimist@https://registry.npmjs.org/minimist/-/minimist-1.2.8.tgz 0ms (cache hit)
457 http cache dynamic-dedupe@https://registry.npmjs.org/dynamic-dedupe/-/dynamic-dedupe-0.3.0.tgz 0ms (cache hit)
458 http cache chokidar@https://registry.npmjs.org/chokidar/-/chokidar-3.6.0.tgz 0ms (cache hit)
459 http cache undici-types@https://registry.npmjs.org/undici-types/-/undici-types-6.21.0.tgz 0ms (cache hit)
460 http cache typescript@https://registry.npmjs.org/typescript/-/typescript-5.9.2.tgz 0ms (cache hit)
461 http cache ts-node-dev@https://registry.npmjs.org/ts-node-dev/-/ts-node-dev-2.0.0.tgz 0ms (cache hit)
462 http cache commander@https://registry.npmjs.org/commander/-/commander-12.1.0.tgz 0ms (cache hit)
463 http cache @types/node@https://registry.npmjs.org/@types/node/-/node-22.18.6.tgz 0ms (cache hit)
464 http cache is-binary-path@https://registry.npmjs.org/is-binary-path/-/is-binary-path-2.1.0.tgz 0ms (cache hit)
465 silly tarball no local data for strip-bom@https://registry.npmjs.org/strip-bom/-/strip-bom-3.0.0.tgz. Extracting by manifest.
466 silly tarball no local data for @types/strip-json-comments@https://registry.npmjs.org/@types/strip-json-comments/-/strip-json-comments-0.0.30.tgz. Extracting by manifest.
467 silly tarball no local data for @types/strip-bom@https://registry.npmjs.org/@types/strip-bom/-/strip-bom-3.0.0.tgz. Extracting by manifest.
468 silly tarball no local data for @jridgewell/resolve-uri@https://registry.npmjs.org/@jridgewell/resolve-uri/-/resolve-uri-3.1.2.tgz. Extracting by manifest.
469 silly tarball no local data for @jridgewell/trace-mapping@https://registry.npmjs.org/@jridgewell/trace-mapping/-/trace-mapping-0.3.9.tgz. Extracting by manifest.
470 silly tarball no local data for yn@https://registry.npmjs.org/yn/-/yn-3.1.1.tgz. Extracting by manifest.
471 silly tarball no local data for v8-compile-cache-lib@https://registry.npmjs.org/v8-compile-cache-lib/-/v8-compile-cache-lib-3.0.1.tgz. Extracting by manifest.
472 silly tarball no local data for strip-json-comments@https://registry.npmjs.org/strip-json-comments/-/strip-json-comments-2.0.1.tgz. Extracting by manifest.
473 silly tarball no local data for make-error@https://registry.npmjs.org/make-error/-/make-error-1.3.6.tgz. Extracting by manifest.
474 silly tarball no local data for create-require@https://registry.npmjs.org/create-require/-/create-require-1.1.1.tgz. Extracting by manifest.
475 silly tarball no local data for acorn-walk@https://registry.npmjs.org/acorn-walk/-/acorn-walk-8.3.4.tgz. Extracting by manifest.
476 silly tarball no local data for acorn@https://registry.npmjs.org/acorn/-/acorn-8.15.0.tgz. Extracting by manifest.
477 silly tarball no local data for @tsconfig/node16@https://registry.npmjs.org/@tsconfig/node16/-/node16-1.0.4.tgz. Extracting by manifest.
478 silly tarball no local data for @tsconfig/node14@https://registry.npmjs.org/@tsconfig/node14/-/node14-1.0.3.tgz. Extracting by manifest.
479 silly tarball no local data for @tsconfig/node12@https://registry.npmjs.org/@tsconfig/node12/-/node12-1.0.11.tgz. Extracting by manifest.
480 silly tarball no local data for @tsconfig/node10@https://registry.npmjs.org/@tsconfig/node10/-/node10-1.0.11.tgz. Extracting by manifest.
481 silly tarball no local data for @cspotcode/source-map-support@https://registry.npmjs.org/@cspotcode/source-map-support/-/source-map-support-0.8.1.tgz. Extracting by manifest.
482 silly tarball no local data for is-number@https://registry.npmjs.org/is-number/-/is-number-7.0.0.tgz. Extracting by manifest.
483 silly tarball no local data for source-map@https://registry.npmjs.org/source-map/-/source-map-0.6.1.tgz. Extracting by manifest.
484 silly tarball no local data for buffer-from@https://registry.npmjs.org/buffer-from/-/buffer-from-1.1.2.tgz. Extracting by manifest.
485 silly tarball no local data for concat-map@https://registry.npmjs.org/concat-map/-/concat-map-0.0.1.tgz. Extracting by manifest.
486 silly tarball no local data for balanced-match@https://registry.npmjs.org/balanced-match/-/balanced-match-1.0.2.tgz. Extracting by manifest.
487 silly tarball no local data for brace-expansion@https://registry.npmjs.org/brace-expansion/-/brace-expansion-1.1.12.tgz. Extracting by manifest.
488 silly tarball no local data for wrappy@https://registry.npmjs.org/wrappy/-/wrappy-1.0.2.tgz. Extracting by manifest.
489 silly tarball no local data for path-is-absolute@https://registry.npmjs.org/path-is-absolute/-/path-is-absolute-1.0.1.tgz. Extracting by manifest.
490 silly tarball no local data for once@https://registry.npmjs.org/once/-/once-1.4.0.tgz. Extracting by manifest.
491 silly tarball no local data for minimatch@https://registry.npmjs.org/minimatch/-/minimatch-3.1.2.tgz. Extracting by manifest.
492 silly tarball no local data for inflight@https://registry.npmjs.org/inflight/-/inflight-1.0.6.tgz. Extracting by manifest.
493 silly tarball no local data for inherits@https://registry.npmjs.org/inherits/-/inherits-2.0.4.tgz. Extracting by manifest.
494 silly tarball no local data for fs.realpath@https://registry.npmjs.org/fs.realpath/-/fs.realpath-1.0.0.tgz. Extracting by manifest.
495 silly tarball no local data for glob@https://registry.npmjs.org/glob/-/glob-7.2.3.tgz. Extracting by manifest.
496 silly tarball no local data for arg@https://registry.npmjs.org/arg/-/arg-4.1.3.tgz. Extracting by manifest.
497 silly tarball no local data for function-bind@https://registry.npmjs.org/function-bind/-/function-bind-1.1.2.tgz. Extracting by manifest.
498 silly tarball no local data for path-parse@https://registry.npmjs.org/path-parse/-/path-parse-1.0.7.tgz. Extracting by manifest.
499 silly tarball no local data for hasown@https://registry.npmjs.org/hasown/-/hasown-2.0.2.tgz. Extracting by manifest.
500 silly tarball no local data for @jridgewell/sourcemap-codec@https://registry.npmjs.org/@jridgewell/sourcemap-codec/-/sourcemap-codec-1.5.5.tgz. Extracting by manifest.
501 silly tarball no local data for is-extglob@https://registry.npmjs.org/is-extglob/-/is-extglob-2.1.1.tgz. Extracting by manifest.
502 silly tarball no local data for is-core-module@https://registry.npmjs.org/is-core-module/-/is-core-module-2.16.1.tgz. Extracting by manifest.
503 silly tarball no local data for binary-extensions@https://registry.npmjs.org/binary-extensions/-/binary-extensions-2.3.0.tgz. Extracting by manifest.
504 silly tarball no local data for diff@https://registry.npmjs.org/diff/-/diff-4.0.2.tgz. Extracting by manifest.
505 silly tarball no local data for to-regex-range@https://registry.npmjs.org/to-regex-range/-/to-regex-range-5.0.1.tgz. Extracting by manifest.
506 silly tarball no local data for fill-range@https://registry.npmjs.org/fill-range/-/fill-range-7.1.1.tgz. Extracting by manifest.
507 silly tarball no local data for xtend@https://registry.npmjs.org/xtend/-/xtend-4.0.2.tgz. Extracting by manifest.
508 silly tarball no local data for readdirp@https://registry.npmjs.org/readdirp/-/readdirp-3.6.0.tgz. Extracting by manifest.
509 silly tarball no local data for picomatch@https://registry.npmjs.org/picomatch/-/picomatch-2.3.1.tgz. Extracting by manifest.
510 silly tarball no local data for supports-preserve-symlinks-flag@https://registry.npmjs.org/supports-preserve-symlinks-flag/-/supports-preserve-symlinks-flag-1.0.0.tgz. Extracting by manifest.
511 silly tarball no local data for normalize-path@https://registry.npmjs.org/normalize-path/-/normalize-path-3.0.0.tgz. Extracting by manifest.
512 silly tarball no local data for is-glob@https://registry.npmjs.org/is-glob/-/is-glob-4.0.3.tgz. Extracting by manifest.
513 silly tarball no local data for glob-parent@https://registry.npmjs.org/glob-parent/-/glob-parent-5.1.2.tgz. Extracting by manifest.
514 silly tarball no local data for fsevents@https://registry.npmjs.org/fsevents/-/fsevents-2.3.3.tgz. Extracting by manifest.
515 silly tarball no local data for anymatch@https://registry.npmjs.org/anymatch/-/anymatch-3.1.3.tgz. Extracting by manifest.
516 silly tarball no local data for braces@https://registry.npmjs.org/braces/-/braces-3.0.3.tgz. Extracting by manifest.
517 silly tarball no local data for tsconfig@https://registry.npmjs.org/tsconfig/-/tsconfig-7.0.0.tgz. Extracting by manifest.
518 silly tarball no local data for ts-node@https://registry.npmjs.org/ts-node/-/ts-node-10.9.2.tgz. Extracting by manifest.
519 silly tarball no local data for tree-kill@https://registry.npmjs.org/tree-kill/-/tree-kill-1.2.2.tgz. Extracting by manifest.
520 silly tarball no local data for rimraf@https://registry.npmjs.org/rimraf/-/rimraf-2.7.1.tgz. Extracting by manifest.
521 silly tarball no local data for source-map-support@https://registry.npmjs.org/source-map-support/-/source-map-support-0.5.21.tgz. Extracting by manifest.
522 silly tarball no local data for resolve@https://registry.npmjs.org/resolve/-/resolve-1.22.10.tgz. Extracting by manifest.
523 silly tarball no local data for mkdirp@https://registry.npmjs.org/mkdirp/-/mkdirp-1.0.4.tgz. Extracting by manifest.
524 silly tarball no local data for minimist@https://registry.npmjs.org/minimist/-/minimist-1.2.8.tgz. Extracting by manifest.
525 silly tarball no local data for dynamic-dedupe@https://registry.npmjs.org/dynamic-dedupe/-/dynamic-dedupe-0.3.0.tgz. Extracting by manifest.
526 silly tarball no local data for chokidar@https://registry.npmjs.org/chokidar/-/chokidar-3.6.0.tgz. Extracting by manifest.
527 silly tarball no local data for undici-types@https://registry.npmjs.org/undici-types/-/undici-types-6.21.0.tgz. Extracting by manifest.
528 silly tarball no local data for typescript@https://registry.npmjs.org/typescript/-/typescript-5.9.2.tgz. Extracting by manifest.
529 silly tarball no local data for ts-node-dev@https://registry.npmjs.org/ts-node-dev/-/ts-node-dev-2.0.0.tgz. Extracting by manifest.
530 silly tarball no local data for commander@https://registry.npmjs.org/commander/-/commander-12.1.0.tgz. Extracting by manifest.
531 silly tarball no local data for @types/node@https://registry.npmjs.org/@types/node/-/node-22.18.6.tgz. Extracting by manifest.
532 silly tarball no local data for is-binary-path@https://registry.npmjs.org/is-binary-path/-/is-binary-path-2.1.0.tgz. Extracting by manifest.
533 http fetch GET 200 https://registry.npmjs.org/@types/strip-bom/-/strip-bom-3.0.0.tgz 51ms (cache miss)
534 http fetch GET 200 https://registry.npmjs.org/@types/strip-json-comments/-/strip-json-comments-0.0.30.tgz 52ms (cache miss)
535 http fetch GET 200 https://registry.npmjs.org/strip-bom/-/strip-bom-3.0.0.tgz 52ms (cache miss)
536 http fetch GET 200 https://registry.npmjs.org/yn/-/yn-3.1.1.tgz 51ms (cache miss)
537 http fetch GET 200 https://registry.npmjs.org/@jridgewell/trace-mapping/-/trace-mapping-0.3.9.tgz 52ms (cache miss)
538 http fetch GET 200 https://registry.npmjs.org/create-require/-/create-require-1.1.1.tgz 60ms (cache miss)
539 http fetch GET 200 https://registry.npmjs.org/strip-json-comments/-/strip-json-comments-2.0.1.tgz 62ms (cache miss)
540 http fetch GET 200 https://registry.npmjs.org/is-number/-/is-number-7.0.0.tgz 67ms (cache miss)
541 http fetch GET 200 https://registry.npmjs.org/@tsconfig/node14/-/node14-1.0.3.tgz 75ms (cache miss)
542 http fetch GET 200 https://registry.npmjs.org/v8-compile-cache-lib/-/v8-compile-cache-lib-3.0.1.tgz 81ms (cache miss)
543 http fetch GET 200 https://registry.npmjs.org/acorn-walk/-/acorn-walk-8.3.4.tgz 81ms (cache miss)
544 http fetch GET 200 https://registry.npmjs.org/@tsconfig/node16/-/node16-1.0.4.tgz 82ms (cache miss)
545 http fetch GET 200 https://registry.npmjs.org/make-error/-/make-error-1.3.6.tgz 83ms (cache miss)
546 http fetch GET 200 https://registry.npmjs.org/@tsconfig/node12/-/node12-1.0.11.tgz 83ms (cache miss)
547 http fetch GET 200 https://registry.npmjs.org/@cspotcode/source-map-support/-/source-map-support-0.8.1.tgz 82ms (cache miss)
548 http fetch GET 200 https://registry.npmjs.org/@tsconfig/node10/-/node10-1.0.11.tgz 96ms (cache miss)
549 http fetch GET 200 https://registry.npmjs.org/source-map/-/source-map-0.6.1.tgz 97ms (cache miss)
550 http fetch GET 200 https://registry.npmjs.org/path-is-absolute/-/path-is-absolute-1.0.1.tgz 115ms (cache miss)
551 http fetch GET 200 https://registry.npmjs.org/balanced-match/-/balanced-match-1.0.2.tgz 116ms (cache miss)
552 http fetch GET 200 https://registry.npmjs.org/inherits/-/inherits-2.0.4.tgz 115ms (cache miss)
553 http fetch GET 200 https://registry.npmjs.org/once/-/once-1.4.0.tgz 115ms (cache miss)
554 http fetch GET 200 https://registry.npmjs.org/wrappy/-/wrappy-1.0.2.tgz 115ms (cache miss)
555 http fetch GET 200 https://registry.npmjs.org/concat-map/-/concat-map-0.0.1.tgz 116ms (cache miss)
556 http fetch GET 200 https://registry.npmjs.org/brace-expansion/-/brace-expansion-1.1.12.tgz 115ms (cache miss)
557 http fetch GET 200 https://registry.npmjs.org/acorn/-/acorn-8.15.0.tgz 118ms (cache miss)
558 http fetch GET 200 https://registry.npmjs.org/inflight/-/inflight-1.0.6.tgz 116ms (cache miss)
559 warn deprecated inflight@1.0.6: This module is not supported, and leaks memory. Do not use it. Check out lru-cache if you want a good and tested way to coalesce async requests by a key value, which is much more comprehensive and powerful.
560 http fetch GET 200 https://registry.npmjs.org/minimatch/-/minimatch-3.1.2.tgz 117ms (cache miss)
561 http fetch GET 200 https://registry.npmjs.org/glob/-/glob-7.2.3.tgz 122ms (cache miss)
562 warn deprecated glob@7.2.3: Glob versions prior to v9 are no longer supported
563 http fetch GET 200 https://registry.npmjs.org/fs.realpath/-/fs.realpath-1.0.0.tgz 128ms (cache miss)
564 http fetch GET 200 https://registry.npmjs.org/is-extglob/-/is-extglob-2.1.1.tgz 128ms (cache miss)
565 http fetch GET 200 https://registry.npmjs.org/arg/-/arg-4.1.3.tgz 129ms (cache miss)
566 http fetch GET 200 https://registry.npmjs.org/is-core-module/-/is-core-module-2.16.1.tgz 132ms (cache miss)
567 http fetch GET 200 https://registry.npmjs.org/hasown/-/hasown-2.0.2.tgz 134ms (cache miss)
568 http fetch GET 200 https://registry.npmjs.org/function-bind/-/function-bind-1.1.2.tgz 136ms (cache miss)
569 http fetch GET 200 https://registry.npmjs.org/path-parse/-/path-parse-1.0.7.tgz 144ms (cache miss)
570 http fetch GET 200 https://registry.npmjs.org/binary-extensions/-/binary-extensions-2.3.0.tgz 144ms (cache miss)
571 http fetch GET 200 https://registry.npmjs.org/buffer-from/-/buffer-from-1.1.2.tgz 146ms (cache miss)
572 http fetch GET 200 https://registry.npmjs.org/diff/-/diff-4.0.2.tgz 144ms (cache miss)
573 http fetch GET 200 https://registry.npmjs.org/to-regex-range/-/to-regex-range-5.0.1.tgz 148ms (cache miss)
574 http fetch GET 200 https://registry.npmjs.org/fill-range/-/fill-range-7.1.1.tgz 148ms (cache miss)
575 http fetch GET 200 https://registry.npmjs.org/xtend/-/xtend-4.0.2.tgz 155ms (cache miss)
576 http fetch GET 200 https://registry.npmjs.org/picomatch/-/picomatch-2.3.1.tgz 157ms (cache miss)
577 http fetch GET 200 https://registry.npmjs.org/supports-preserve-symlinks-flag/-/supports-preserve-symlinks-flag-1.0.0.tgz 157ms (cache miss)
578 http fetch GET 200 https://registry.npmjs.org/readdirp/-/readdirp-3.6.0.tgz 158ms (cache miss)
579 http fetch GET 200 https://registry.npmjs.org/normalize-path/-/normalize-path-3.0.0.tgz 159ms (cache miss)
580 http fetch GET 200 https://registry.npmjs.org/is-glob/-/is-glob-4.0.3.tgz 161ms (cache miss)
581 http fetch GET 200 https://registry.npmjs.org/fsevents/-/fsevents-2.3.3.tgz 179ms (cache miss)
582 http fetch GET 200 https://registry.npmjs.org/braces/-/braces-3.0.3.tgz 181ms (cache miss)
583 http fetch GET 200 https://registry.npmjs.org/tsconfig/-/tsconfig-7.0.0.tgz 181ms (cache miss)
584 http fetch GET 200 https://registry.npmjs.org/anymatch/-/anymatch-3.1.3.tgz 182ms (cache miss)
585 http fetch GET 200 https://registry.npmjs.org/glob-parent/-/glob-parent-5.1.2.tgz 182ms (cache miss)
586 http fetch GET 200 https://registry.npmjs.org/tree-kill/-/tree-kill-1.2.2.tgz 182ms (cache miss)
587 http fetch GET 200 https://registry.npmjs.org/source-map-support/-/source-map-support-0.5.21.tgz 184ms (cache miss)
588 http fetch GET 200 https://registry.npmjs.org/rimraf/-/rimraf-2.7.1.tgz 201ms (cache miss)
589 warn deprecated rimraf@2.7.1: Rimraf versions prior to v4 are no longer supported
590 http fetch GET 200 https://registry.npmjs.org/mkdirp/-/mkdirp-1.0.4.tgz 206ms (cache miss)
591 http fetch GET 200 https://registry.npmjs.org/dynamic-dedupe/-/dynamic-dedupe-0.3.0.tgz 212ms (cache miss)
592 http fetch GET 200 https://registry.npmjs.org/ts-node/-/ts-node-10.9.2.tgz 214ms (cache miss)
593 http fetch GET 200 https://registry.npmjs.org/chokidar/-/chokidar-3.6.0.tgz 214ms (cache miss)
594 http fetch GET 200 https://registry.npmjs.org/ts-node-dev/-/ts-node-dev-2.0.0.tgz 215ms (cache miss)
595 http fetch GET 200 https://registry.npmjs.org/minimist/-/minimist-1.2.8.tgz 216ms (cache miss)
596 http fetch GET 200 https://registry.npmjs.org/undici-types/-/undici-types-6.21.0.tgz 222ms (cache miss)
597 http fetch GET 200 https://registry.npmjs.org/resolve/-/resolve-1.22.10.tgz 233ms (cache miss)
598 http fetch GET 200 https://registry.npmjs.org/commander/-/commander-12.1.0.tgz 250ms (cache miss)
599 http fetch GET 200 https://registry.npmjs.org/is-binary-path/-/is-binary-path-2.1.0.tgz 251ms (cache miss)
600 http fetch GET 200 https://registry.npmjs.org/@jridgewell/resolve-uri/-/resolve-uri-3.1.2.tgz 274ms (cache miss)
601 http fetch GET 200 https://registry.npmjs.org/@jridgewell/sourcemap-codec/-/sourcemap-codec-1.5.5.tgz 385ms (cache miss)
602 http fetch GET 200 https://registry.npmjs.org/@types/node/-/node-22.18.6.tgz 515ms (cache miss)
603 http fetch POST 200 https://registry.npmjs.org/-/npm/v1/security/advisories/bulk 565ms
604 silly audit report {}
605 http fetch GET 200 https://registry.npmjs.org/typescript/-/typescript-5.9.2.tgz 612ms (cache miss)
606 info run fsevents@2.3.3 install node_modules/fsevents node-gyp rebuild
607 info run fsevents@2.3.3 install { code: 1, signal: null }
608 verbose reify failed optional dependency /Users/vincentseitlhamo/Documents/apps/boilerplate/node_modules/fsevents
609 silly reify mark deleted [
609 silly reify   '/Users/vincentseitlhamo/Documents/apps/boilerplate/node_modules/fsevents'
609 silly reify ]
610 silly ADD node_modules/strip-json-comments
611 silly ADD node_modules/strip-bom
612 silly ADD node_modules/@types/strip-json-comments
613 silly ADD node_modules/@types/strip-bom
614 silly ADD node_modules/@jridgewell/sourcemap-codec
615 silly ADD node_modules/@jridgewell/resolve-uri
616 silly ADD node_modules/@jridgewell/trace-mapping
617 silly ADD node_modules/yn
618 silly ADD node_modules/v8-compile-cache-lib
619 silly ADD node_modules/make-error
620 silly ADD node_modules/diff
621 silly ADD node_modules/create-require
622 silly ADD node_modules/arg
623 silly ADD node_modules/acorn-walk
624 silly ADD node_modules/acorn
625 silly ADD node_modules/@tsconfig/node16
626 silly ADD node_modules/@tsconfig/node14
627 silly ADD node_modules/@tsconfig/node12
628 silly ADD node_modules/@tsconfig/node10
629 silly ADD node_modules/@cspotcode/source-map-support
630 silly ADD node_modules/is-number
631 silly ADD node_modules/source-map
632 silly ADD node_modules/buffer-from
633 silly ADD node_modules/concat-map
634 silly ADD node_modules/balanced-match
635 silly ADD node_modules/brace-expansion
636 silly ADD node_modules/wrappy
637 silly ADD node_modules/path-is-absolute
638 silly ADD node_modules/once
639 silly ADD node_modules/minimatch
640 silly ADD node_modules/inherits
641 silly ADD node_modules/inflight
642 silly ADD node_modules/fs.realpath
643 silly ADD node_modules/glob
644 silly ADD node_modules/function-bind
645 silly ADD node_modules/hasown
646 silly ADD node_modules/supports-preserve-symlinks-flag
647 silly ADD node_modules/path-parse
648 silly ADD node_modules/is-core-module
649 silly ADD node_modules/is-extglob
650 silly ADD node_modules/binary-extensions
651 silly ADD node_modules/to-regex-range
652 silly ADD node_modules/xtend
653 silly ADD node_modules/fill-range
654 silly ADD node_modules/picomatch
655 silly ADD node_modules/readdirp
656 silly ADD node_modules/normalize-path
657 silly ADD node_modules/is-glob
658 silly ADD node_modules/is-binary-path
659 silly ADD node_modules/glob-parent
660 silly ADD
661 silly ADD node_modules/braces
662 silly ADD node_modules/anymatch
663 silly ADD node_modules/tsconfig
664 silly ADD node_modules/ts-node
665 silly ADD node_modules/tree-kill
666 silly ADD node_modules/source-map-support
667 silly ADD node_modules/rimraf
668 silly ADD node_modules/resolve
669 silly ADD node_modules/mkdirp
670 silly ADD node_modules/minimist
671 silly ADD node_modules/dynamic-dedupe
672 silly ADD node_modules/chokidar
673 silly ADD node_modules/undici-types
674 silly ADD node_modules/typescript
675 silly ADD node_modules/ts-node-dev
676 silly ADD node_modules/commander
677 silly ADD node_modules/@types/node
678 verbose cwd /Users/vincentseitlhamo/Documents/apps/boilerplate
679 verbose os Darwin 24.6.0
680 verbose node v22.19.0
681 verbose npm  v10.9.3
682 notice
682 notice New major version of npm available! 10.9.3 -> 11.6.0
682 notice Changelog: https://github.com/npm/cli/releases/tag/v11.6.0
682 notice To update run: npm install -g npm@11.6.0
682 notice  { force: true, [Symbol(proc-log.meta)]: true }
683 verbose exit 0
684 info ok
